[    0.000000] Initializing cgroup subsys cpuset
[    0.000000] Initializing cgroup subsys cpu
[    0.000000] Initializing cgroup subsys cpuacct
[    0.000000] Linux version 4.4.0-62-generic (buildd@lcy01-30) (gcc version 5.4.0 20160609 (Ubuntu 5.4.0-6ubuntu1~16.04.4) ) #83-Ubuntu SMP Wed Jan 18 14:10:15 UTC 2017 (Ubuntu 4.4.0-62.83-generic 4.4.40)
[    0.000000] Command line: BOOT_IMAGE=/boot/vmlinuz-4.4.0-62-generic root=LABEL=cloudimg-rootfs ro console=tty1 console=ttyS0
[    0.000000] KERNEL supported cpus:
[    0.000000]   Intel GenuineIntel
[    0.000000]   AMD AuthenticAMD
[    0.000000]   Centaur CentaurHauls
[    0.000000] ------------[ cut here ]------------
[    0.000000] WARNING: CPU: 0 PID: 0 at /build/linux-W6HB68/linux-4.4.0/arch/x86/kernel/fpu/xstate.c:517 fpu__init_system_xstate+0x38b/0x75a()
[    0.000000] XSAVE consistency problem, dumping leaves
[    0.000000] Modules linked in:
[    0.000000] CPU: 0 PID: 0 Comm: swapper Not tainted 4.4.0-62-generic #83-Ubuntu
[    0.000000]  0000000000000086 2dec4e1c3ef39c9a ffffffff81e03d80 ffffffff813f7c63
[    0.000000]  ffffffff81e03dc8 ffffffff81ca5ee0 ffffffff81e03db8 ffffffff810812d2
[    0.000000]  ffffffff81e03e48 ffffffff81e03e4c 0000000000000008 0000000000000100
[    0.000000] Call Trace:
[    0.000000]  [<ffffffff813f7c63>] dump_stack+0x63/0x90
[    0.000000]  [<ffffffff810812d2>] warn_slowpath_common+0x82/0xc0
[    0.000000]  [<ffffffff8108136c>] warn_slowpath_fmt+0x5c/0x80
[    0.000000]  [<ffffffff8107cfa0>] ? xfeature_size+0x59/0x77
[    0.000000]  [<ffffffff81f6cee4>] fpu__init_system_xstate+0x38b/0x75a
[    0.000000]  [<ffffffff81f5c120>] ? early_idt_handler_array+0x120/0x120
[    0.000000]  [<ffffffff81f6c84f>] fpu__init_system+0x10d/0x245
[    0.000000]  [<ffffffff81f6d958>] early_cpu_init+0x139/0x13e
[    0.000000]  [<ffffffff81f6d958>] ? early_cpu_init+0x139/0x13e
[    0.000000]  [<ffffffff81f68e32>] setup_arch+0xb4/0xd1e
[    0.000000]  [<ffffffff81f5c120>] ? early_idt_handler_array+0x120/0x120
[    0.000000]  [<ffffffff81f5cc74>] start_kernel+0xe4/0x4a2
[    0.000000]  [<ffffffff81f5c120>] ? early_idt_handler_array+0x120/0x120
[    0.000000]  [<ffffffff81f5c339>] x86_64_start_reservations+0x2a/0x2c
[    0.000000]  [<ffffffff81f5c485>] x86_64_start_kernel+0x14a/0x16d
[    0.000000] ---[ end trace 4d5ff9f2f68c4233 ]---
[    0.000000] CPUID[0d, 00]: eax=00000007 ebx=00000440 ecx=00000440 edx=00000000
[    0.000000] CPUID[0d, 01]: eax=00000000 ebx=000003c0 ecx=00000000 edx=00000000
[    0.000000] CPUID[0d, 02]: eax=00000100 ebx=00000240 ecx=00000000 edx=00000000
[    0.000000] CPUID[0d, 03]: eax=00000000 ebx=00000000 ecx=00000000 edx=00000000
[    0.000000] CPUID[0d, 04]: eax=00000000 ebx=00000000 ecx=00000000 edx=00000000
[    0.000000] CPUID[0d, 05]: eax=00000000 ebx=00000000 ecx=00000000 edx=00000000
[    0.000000] CPUID[0d, 06]: eax=00000000 ebx=00000000 ecx=00000000 edx=00000000
[    0.000000] CPUID[0d, 07]: eax=00000000 ebx=00000000 ecx=00000000 edx=00000000
[    0.000000] CPUID[0d, 08]: eax=00000000 ebx=00000000 ecx=00000000 edx=00000000
[    0.000000] CPUID[0d, 09]: eax=00000000 ebx=00000000 ecx=00000000 edx=00000000
[    0.000000] CPUID[0d, 0a]: eax=00000000 ebx=00000000 ecx=00000000 edx=00000000
[    0.000000] CPUID[0d, 0b]: eax=00000000 ebx=00000000 ecx=00000000 edx=00000000
[    0.000000] CPUID[0d, 0c]: eax=00000000 ebx=00000000 ecx=00000000 edx=00000000
[    0.000000] CPUID[0d, 0d]: eax=00000000 ebx=00000000 ecx=00000000 edx=00000000
[    0.000000] CPUID[0d, 0e]: eax=00000000 ebx=00000000 ecx=00000000 edx=00000000
[    0.000000] CPUID[0d, 0f]: eax=00000000 ebx=00000000 ecx=00000000 edx=00000000
[    0.000000] CPUID[0d, 10]: eax=00000000 ebx=00000000 ecx=00000000 edx=00000000
[    0.000000] CPUID[0d, 11]: eax=00000000 ebx=00000000 ecx=00000000 edx=00000000
[    0.000000] x86/fpu: xstate_offset[2]:  576, xstate_sizes[2]:  256
[    0.000000] x86/fpu: Supporting XSAVE feature 0x01: 'x87 floating point registers'
[    0.000000] x86/fpu: Supporting XSAVE feature 0x02: 'SSE registers'
[    0.000000] x86/fpu: Supporting XSAVE feature 0x04: 'AVX registers'
[    0.000000] x86/fpu: Enabled xstate features 0x7, context size is 1088 bytes, using 'standard' format.
[    0.000000] x86/fpu: Using 'lazy' FPU context switches.
[    0.000000] e820: BIOS-provided physical RAM map:
[    0.000000] BIOS-e820: [mem 0x0000000000000000-0x000000000009fbff] usable
[    0.000000] BIOS-e820: [mem 0x000000000009fc00-0x000000000009ffff] reserved
[    0.000000] BIOS-e820: [mem 0x00000000000f0000-0x00000000000fffff] reserved
[    0.000000] BIOS-e820: [mem 0x0000000000100000-0x000000003ffeffff] usable
[    0.000000] BIOS-e820: [mem 0x000000003fff0000-0x000000003fffffff] ACPI data
[    0.000000] BIOS-e820: [mem 0x00000000fec00000-0x00000000fec00fff] reserved
[    0.000000] BIOS-e820: [mem 0x00000000fee00000-0x00000000fee00fff] reserved
[    0.000000] BIOS-e820: [mem 0x00000000fffc0000-0x00000000ffffffff] reserved
[    0.000000] NX (Execute Disable) protection: active
[    0.000000] SMBIOS 2.5 present.
[    0.000000] Hypervisor detected: KVM
[    0.000000] e820: last_pfn = 0x3fff0 max_arch_pfn = 0x400000000
[    0.000000] MTRR: Disabled
[    0.000000] x86/PAT: MTRRs disabled, skipping PAT initialization too.
[    0.000000] x86/PAT: Configuration [0-7]: WB  WT  UC- UC  WB  WT  UC- UC  
[    0.000000] CPU MTRRs all blank - virtualized system.
[    0.000000] found SMP MP-table at [mem 0x0009fff0-0x0009ffff] mapped at [ffff88000009fff0]
[    0.000000] Scanning 1 areas for low memory corruption
[    0.000000] RAMDISK: [mem 0x36b5a000-0x375a4fff]
[    0.000000] ACPI: Early table checksum verification disabled
[    0.000000] ACPI: RSDP 0x00000000000E0000 000024 (v02 VBOX  )
[    0.000000] ACPI: XSDT 0x000000003FFF0030 00003C (v01 VBOX   VBOXXSDT 00000001 ASL  00000061)
[    0.000000] ACPI: FACP 0x000000003FFF00F0 0000F4 (v04 VBOX   VBOXFACP 00000001 ASL  00000061)
[    0.000000] ACPI: DSDT 0x000000003FFF0470 00210F (v01 VBOX   VBOXBIOS 00000002 INTL 20100528)
[    0.000000] ACPI: FACS 0x000000003FFF0200 000040
[    0.000000] ACPI: FACS 0x000000003FFF0200 000040
[    0.000000] ACPI: APIC 0x000000003FFF0240 00005C (v02 VBOX   VBOXAPIC 00000001 ASL  00000061)
[    0.000000] ACPI: SSDT 0x000000003FFF02A0 0001CC (v01 VBOX   VBOXCPUT 00000002 INTL 20100528)
[    0.000000] No NUMA configuration found
[    0.000000] Faking a node at [mem 0x0000000000000000-0x000000003ffeffff]
[    0.000000] NODE_DATA(0) allocated [mem 0x3ffeb000-0x3ffeffff]
[    0.000000] kvm-clock: Using msrs 4b564d01 and 4b564d00
[    0.000000] kvm-clock: cpu 0, msr 0:3ffe3001, primary cpu clock
[    0.000000] kvm-clock: using sched offset of 3006171099 cycles
[    0.000000] clocksource: kvm-clock: mask: 0xffffffffffffffff max_cycles: 0x1cd42e4dffb, max_idle_ns: 881590591483 ns
[    0.000000] Zone ranges:
[    0.000000]   DMA      [mem 0x0000000000001000-0x0000000000ffffff]
[    0.000000]   DMA32    [mem 0x0000000001000000-0x000000003ffeffff]
[    0.000000]   Normal   empty
[    0.000000]   Device   empty
[    0.000000] Movable zone start for each node
[    0.000000] Early memory node ranges
[    0.000000]   node   0: [mem 0x0000000000001000-0x000000000009efff]
[    0.000000]   node   0: [mem 0x0000000000100000-0x000000003ffeffff]
[    0.000000] Initmem setup node 0 [mem 0x0000000000001000-0x000000003ffeffff]
[    0.000000] ACPI: PM-Timer IO Port: 0x4008
[    0.000000] IOAPIC[0]: apic_id 2, version 32, address 0xfec00000, GSI 0-23
[    0.000000] ACPI: INT_SRC_OVR (bus 0 bus_irq 0 global_irq 2 dfl dfl)
[    0.000000] ACPI: INT_SRC_OVR (bus 0 bus_irq 9 global_irq 9 high level)
[    0.000000] Using ACPI (MADT) for SMP configuration information
[    0.000000] smpboot: Allowing 2 CPUs, 0 hotplug CPUs
[    0.000000] PM: Registered nosave memory: [mem 0x00000000-0x00000fff]
[    0.000000] PM: Registered nosave memory: [mem 0x0009f000-0x0009ffff]
[    0.000000] PM: Registered nosave memory: [mem 0x000a0000-0x000effff]
[    0.000000] PM: Registered nosave memory: [mem 0x000f0000-0x000fffff]
[    0.000000] e820: [mem 0x40000000-0xfebfffff] available for PCI devices
[    0.000000] Booting paravirtualized kernel on KVM
[    0.000000] clocksource: refined-jiffies: mask: 0xffffffff max_cycles: 0xffffffff, max_idle_ns: 7645519600211568 ns
[    0.000000] setup_percpu: NR_CPUS:512 nr_cpumask_bits:512 nr_cpu_ids:2 nr_node_ids:1
[    0.000000] PERCPU: Embedded 33 pages/cpu @ffff88003fc00000 s98264 r8192 d28712 u1048576
[    0.000000] PV qspinlock hash table entries: 256 (order: 0, 4096 bytes)
[    0.000000] Built 1 zonelists in Node order, mobility grouping on.  Total pages: 257913
[    0.000000] Policy zone: DMA32
[    0.000000] Kernel command line: BOOT_IMAGE=/boot/vmlinuz-4.4.0-62-generic root=LABEL=cloudimg-rootfs ro console=tty1 console=ttyS0
[    0.000000] PID hash table entries: 4096 (order: 3, 32768 bytes)
[    0.000000] Memory: 1002040K/1048120K available (8436K kernel code, 1291K rwdata, 3960K rodata, 1488K init, 1316K bss, 46080K reserved, 0K cma-reserved)
[    0.000000] SLUB: HWalign=64, Order=0-3, MinObjects=0, CPUs=2, Nodes=1
[    0.000000] Hierarchical RCU implementation.
[    0.000000] 	Build-time adjustment of leaf fanout to 64.
[    0.000000] 	RCU restricting CPUs from NR_CPUS=512 to nr_cpu_ids=2.
[    0.000000] RCU: Adjusting geometry for rcu_fanout_leaf=64, nr_cpu_ids=2
[    0.000000] NR_IRQS:33024 nr_irqs:440 16
[    0.000000] Console: colour VGA+ 80x25
[    0.000000] console [tty1] enabled
[    0.000000] console [ttyS0] enabled
[    0.000000] tsc: Detected 3408.000 MHz processor
[   23.561885] Calibrating delay loop (skipped) preset value.. 6816.00 BogoMIPS (lpj=13632000)
[   23.792163] pid_max: default: 32768 minimum: 301
[   23.873020] ACPI: Core revision 20150930
[   23.985377] ACPI: 2 ACPI AML tables successfully acquired and loaded
[   24.175601] Security Framework initialized
[   24.277514] Yama: becoming mindful.
[   24.368252] AppArmor: AppArmor initialized
[   24.480211] Dentry cache hash table entries: 131072 (order: 8, 1048576 bytes)
[   24.661002] Inode-cache hash table entries: 65536 (order: 7, 524288 bytes)
[   24.833409] Mount-cache hash able enttries: 2048 (order: 2, 16384 bytes)
[   24.990922] Mountpoint-cache hash table entries: 2048 (order: 2, 16384 bytes)
[   25.203185] Initializing cgroup subsys io
[   25.296765] Initializing cgroup subsys memory
[   25.403049] Initializing cgroup subsys devices
[   25.536415] Initializing cgroup subsys freezer
[   25.670302] Initializing cgroup subsys net_cls
[   25.777486] Initializing cgroup subsys perf_event
[   25.880470] Initializing cgroup subsys net_prio
[   25.993229] Initializing cgroup subsys hugetlb
[   26.082768] Initializing cgroup subsys pids
[   26.176924] CPU: Physical Processor ID: 0
[   26.287427] CPU: Processor Core ID: 0
[   26.391597] mce: CPU supports 0 MCE banks
[   26.492495] Last level iTLB entries: 4KB 64, 2MB 8, 4MB 8
[   26.607629] Last level dTLB entries: 4KB 64, 2MB 0, 4MB 0, 1GB 4
[   26.740770] Freeing SMP alternatives memory: 32K (ffffffff820b8000 - ffffffff820c0000)
[   26.851631] ftrace: allocating 32065 entries in 126 pages
[   26.971107] smpboot: APIC(0) Converting physical 0 to logical package 0
[   26.985336] smpboot: Max logical packages: 1
[   27.054471] x2apic enabled
[   27.071255] Switched APIC routing to physical x2apic.
[   27.135372] ..TIMER: vector=0x30 apic1=0 pin1=2 apic2=-1 pin2=-1
[   27.370289] smpboot: CPU0: Intel(R) Core(TM) i7-6700 CPU @ 3.40GHz (family: 0x6, model: 0x5e, stepping: 0x3)
[   27.561790] Performance Events: unsupported p6 CPU model 94 no PMU driver, software events only.
[   27.675642] KVM setup paravirtual spinlock
[   27.703779] x86: Booting SMP configuration:
[   27.751183] .... node  #0, CPUs:      #1
[   27.819274] kvm-clock: cpu 1, msr 0:3ffe3041, secondary cpu clock
[   27.837733] mce: CPU supports 0 MCE banks
[   27.846880] x86: Booted up 1 node, 2 CPUs
[   27.854111] smpboot: Total of 2 processors activated (13632.00 BogoMIPS)
[   27.953899] devtmpfs: initialized
[   27.986134] evm: security.selinux
[   27.987910] evm: security.SMACK64
[   28.029239] evm: security.SMACK64EXEC
[   28.094989] evm: security.SMACK64TRANSMUTE
[   28.204313] evm: security.SMACK64MMAP
[   28.278079] evm: security.ima
[   28.322876] evm: security.capability
[   28.401309] clocksource: jiffies: mask: 0xffffffff max_cycles: 0xffffffff, max_idle_ns: 7645041785100000 ns
[   28.540989] pinctrl core: initialized pinctrl subsystem
[   28.611950] RTC time: 22:04:57, date: 02/14/17
[   28.645405] NET: Registered protocol family 16
[   28.673890] cpuidle: using governor ladder
[   28.729800] cpuidle: using governor menu
[   28.816005] PCCT header not found.
[   28.862739] ACPI: bus type PCI registered
[   28.920018] acpiphp: ACPI Hot Plug PCI Controller Driver version: 0.5
[   28.993003] PCI: Using configuration type 1 for base access
[   29.113434] ACPI: Added _OSI(Module Device)
[   29.222116] ACPI: Added _OSI(Processor Device)
[   29.306326] ACPI: Added _OSI(3.0 _SCP Extensions)
[   29.439609] ACPI: Added _OSI(Processor Aggregator Device)
[   29.598133] ACPI: Executed 1 blocks of module-level executable AML code
[   29.742944] ACPI: Interpreter enabled
[   29.841776] ACPI: (supports S0 S5)
[   29.935482] ACPI: Using IOAPIC for interrupt routing
[   30.073106] PCI: Using host bridge windows from ACPI; if necessary, use "pci=nocrs" and report a bug
[   30.306548] ACPI: PCI Root Bridge [PCI0] (domain 0000 [bus 00-ff])
[   30.470362] acpi PNP0A03:00: _OSC: OS supports [ASPM ClockPM Segments MSI]
[   30.617118] acpi PNP0A03:00: _OSC failed (AE_NOT_FOUND); disabling ASPM
[   30.757345] acpi PNP0A03:00: fail to add MMCONFIG information, can't access extended PCI configuration space under this bridge.
[   31.069401] PCI host bridge to bus 0000:00
[   31.171744] pci_bus 0000:00: root bus resource [io  0x0000-0x0cf7 window]
[   31.245050] pci_bus 0000:00: root bus resource [io  0x0d00-0xffff window]
[   31.348839] pci_bus 0000:00: root bus resource [mem 0x000a0000-0x000bffff window]
[   31.446060] pci_bus 0000:00: root bus resource [mem 0x40000000-0xffdfffff window]
[   31.510424] pci_bus 0000:00: root bus resource [bus 00-ff]
[   31.582549] pci 0000:00:01.1: legacy IDE quirk: reg 0x10: [io  0x01f0-0x01f7]
[   31.635299] pci 0000:00:01.1: legacy IDE quirk: reg 0x14: [io  0x03f6]
[   31.758199] pci 0000:00:01.1: legacy IDE quirk: reg 0x18: [io  0x0170-0x0177]
[   31.911439] pci 0000:00:01.1: legacy IDE quirk: reg 0x1c: [io  0x0376]
[   32.012860] pci 0000:00:07.0: quirk: [io  0x4000-0x403f] claimed by PIIX4 ACPI
[   32.069198] pci 0000:00:07.0: quirk: [io  0x4100-0x410f] claimed by PIIX4 SMB
[   32.231609] ACPI: PCI Interrupt Link [LNKA] (IRQs 5 9 10 *11)
[   32.330542] ACPI: PCI Interrupt Link [LNKB] (IRQs 5 9 10 *11)
[   32.452935] ACPI: PCI Interrupt Link [LNKC] (IRQs 5 9 *10 11)
[   32.573274] ACPI: PCI Interrupt Link [LNKD] (IRQs 5 *9 10 11)
[   32.701413] ACPI: Enabled 2 GPEs in block 00 to 07
[   32.811445] vgaarb: setting as boot device: PCI:0000:00:02.0
[   32.967211] vgaarb: device added: PCI:0000:00:02.0,decodes=io+mem,owns=io+mem,locks=none
[   33.190150] vgaarb: loaded
[   33.258763] vgaarb: bridge control possible 0000:00:02.0
[   33.378833] SCSI subsystem initialized
[   33.466233] ACPI: bus type USB registered
[   33.554552] usbcore: registered new interface driver usbfs
[   33.686850] usbcore: registered new interface driver hub
[   33.813779] usbcore: registered new device driver usb
[   33.941967] PCI: Using ACPI for IRQ routing
[   33.980432] NetLabel: Initializing
[   34.052477] NetLabel:  domain hash size = 128
[   34.155252] NetLabel:  protocols = UNLABELED CIPSOv4
[   34.274308] NetLabel:  unlabeled traffic allowed by default
[   34.413918] amd_nb: Cannot enumerate AMD northbridges
[   34.556880] clocksource: Switched to clocksource kvm-clock
[   34.721574] AppArmor: AppArmor Filesystem Enabled
[   34.850459] pnp: PnP ACPI init
[   34.937814] pnp: PnP ACPI: found 3 devices
[   35.001860] clocksource: acpi_pm: mask: 0xffffff max_cycles: 0xffffff, max_idle_ns: 2085701024 ns
[   35.199896] NET: Registered protocol family 2
[   35.308135] TCP established hash table entries: 8192 (order: 4, 65536 bytes)
[   35.478194] TCP bind hash table entries: 8192 (order: 5, 131072 bytes)
[   35.663544] TCP: Hash tables configured (established 8192 bind 8192)
[   35.770141] UDP hash table entries: 512 (order: 2, 16384 bytes)
[   35.918619] UDP-Lite hash table entries: 512 (order: 2, 16384 bytes)
[   36.079279] NET: Registered protocol family 1
[   36.173027] pci 0000:00:00.0: Limiting direct PCI/PCI transfers
[   36.306493] pci 0000:00:01.0: Activating ISA DMA hang workarounds
[   36.411068] Trying to unpack rootfs image as initramfs...
[   38.160478] Freeing initrd memory: 10540K (ffff880036b5a000 - ffff8800375a5000)
[   38.398671] platform rtc_cmos: registered platform RTC device (no PNP device found)
[   38.625252] Scanning for low memory corruption every 60 seconds
[   38.781884] futex hash table entries: 512 (order: 3, 32768 bytes)
[   38.947321] audit: initializing netlink subsys (disabled)
[   39.073248] audit: type=2000 audit(1487109878.192:1): initialized
[   39.203610] Initialise system trusted keyring
[   39.268648] HugeTLB registered 2 MB page size, pre-allocated 0 pages
[   39.370725] zbud: loaded
[   39.397072] tsc: Refined TSC clocksource calibration: 3409.687 MHz
[   39.397073] clocksource: tsc: mask: 0xffffffffffffffff max_cycles: 0x31260dade39, max_idle_ns: 440795231144 ns
[   39.520006] VFS: Disk quotas dquot_6.6.0
[   39.620255] VFS: Dquot-cache hash table entries: 512 (order 0, 4096 bytes)
[   39.761332] squashfs: version 4.0 (2009/01/31) Phillip Lougher
[   39.897335] fuse init (API version 7.23)
[   39.994294] Key type big_key registered
[   40.085938] Allocating IMA MOK and blacklist keyrings.
[   40.253795] Key type asymmetric registered
[   40.361577] Asymmetric key parser 'x509' registered
[   40.478638] Block layer SCSI generic (bsg) driver version 0.4 loaded (major 249)
[   40.580262] io scheduler noop registered
[   40.671107] io scheduler deadline registered (default)
[   40.787080] io scheduler cfq registered
[   40.871876] pci_hotplug: PCI Hot Plug PCI Core version: 0.5
[   41.022383] pciehp: PCI Express Hot Plug Controller Driver version: 0.4
[   41.166445] ACPI: AC Adapter [AC] (on-line)
[   41.252453] input: Power Button as /devices/LNXSYSTM:00/LNXPWRBN:00/input/input0
[   41.261285] ACPI: Power Button [PWRF]
[   41.267533] input: Sleep Button as /devices/LNXSYSTM:00/LNXSLPBN:00/input/input1
[   41.423158] ACPI: Sleep Button [SLPF]
[   41.455915] GHES: HEST is not enabled!
[   41.555230] Serial: 8250/16550 driver, 32 ports, IRQ sharing enabled
[   41.639486] 00:02: ttyS0 at I/O 0x3f8 (irq = 4, base_baud = 115200) is a 16550A
[   41.769329] Linux agpgart interface v0.103
[   41.877570] brd: module loaded
[   41.963630] loop: module loaded
[   42.048583] scsi host0: ata_piix
[   42.136409] scsi host1: ata_piix
[   42.202443] ata1: PATA max UDMA/33 cmd 0x1f0 ctl 0x3f6 bmdma 0xd000 irq 14
[   42.320509] ata2: PATA max UDMA/33 cmd 0x170 ctl 0x376 bmdma 0xd008 irq 15
[   42.321624] libphy: Fixed MDIO Bus: probed
[   42.333512] tun: Universal TUN/TAP device driver, 1.6
[   42.334362] tun: (C) 1999-2004 Max Krasnyansky <maxk@qualcomm.com>
[   42.335218] PPP generic driver version 2.4.2
[   42.335912] ehci_hcd: USB 2.0 'Enhanced' Host Controller (EHCI) Driver
[   42.350262] ehci-pci: EHCI PCI platform driver
[   42.350887] ehci-platform: EHCI generic platform driver
[   42.358118] ohci_hcd: USB 1.1 'Open' Host Controller (OHCI) Driver
[   42.365081] ohci-pci: OHCI PCI platform driver
[   42.365771] ohci-platform: OHCI generic platform driver
[   42.393036] uhci_hcd: USB Universal Host Controller Interface driver
[   42.599091] i8042: PNP: PS/2 Controller [PNP0303:PS2K,PNP0f03:PS2M] at 0x60,0x64 irq 1,12
[   42.628982] serio: i8042 KBD port at 0x60,0x64 irq 1
[   42.712008] serio: i8042 AUX port at 0x60,0x64 irq 12
[   42.835614] mousedev: PS/2 mouse device common for all mice
[   42.992177] rtc_cmos rtc_cmos: rtc core: registered rtc_cmos as rtc0
[   43.140797] rtc_cmos rtc_cmos: alarms up to one day, 114 bytes nvram
[   43.311510] i2c /dev entries driver
[   43.405355] input: AT Translated Set 2 keyboard as /devices/platform/i8042/serio0/input/input2
[   43.646807] device-mapper: uevent: version 1.0.3
[   43.726994] device-mapper: ioctl: 4.34.0-ioctl (2015-10-28) initialised: dm-devel@redhat.com
[   43.736157] ledtrig-cpu: registered to indicate activity on CPUs
[   43.740279] NET: Registered protocol family 10
[   43.852871] NET: Registered protocol family 17
[   43.989943] Key type dns_resolver registered
[   44.120711] microcode: CPU0 sig=0x506e3, pf=0x2, revision=0x0
[   44.269188] microcode: CPU1 sig=0x506e3, pf=0x2, revision=0x0
[   44.414668] microcode: Microcode Update Driver: v2.01 <tigran@aivazian.fsnet.co.uk>, Peter Oruba
[   44.627613] registered taskstats version 1
[   44.745415] Loading compiled-in X.509 certificates
[   44.868859] Loaded X.509 cert 'Build time autogenerated kernel key: a630254739635d6fdc487c9f0afa5d9a0ff04f04'
[   45.100690] zswap: loaded using pool lzo/zbud
[   45.200005] Key type trusted registered
[   45.276508] Key type encrypted registered
[   45.363329] AppArmor: AppArmor sha1 policy hashing enabled
[   45.478919] ima: No TPM chip found, activating TPM-bypass!
[   45.625670] evm: HMAC attrs: 0x1
[   45.704142]   Magic number: 5:873:97
[   45.787293] rtc_cmos rtc_cmos: setting system clock to 2017-02-14 22:05:14 UTC (1487109914)
[   45.913530] BIOS EDD facility v0.16 2004-Jun-25, 0 devices found
[   46.026823] EDD information not available.
[   46.123684] Freeing unused kernel memory: 1488K (ffffffff81f44000 - ffffffff820b8000)
[   46.333372] Write protecting the kernel read-only data: 14336k
[   46.416036] Freeing unused kernel memory: 1792K (ffff880001840000 - ffff880001a00000)
[   46.576083] Freeing unused kernel memory: 136K (ffff880001dde000 - ffff880001e00000)
Loading, please wait...
starting version[   46.718786] random: systemd-udevd: uninitialized urandom read (16 bytes read, 9 bits of entropy available)
 229
[   46.719178] random: udevadm: uninitialized urandom read (16 bytes read, 9 bits of entropy available)
[   46.719201] random: udevadm: uninitialized urandom read (16 bytes read, 9 bits of entropy available)
[   46.719326] random: udevadm: uninitialized urandom read (16 bytes read, 9 bits of entropy available)
[   46.719351] random: udevadm: uninitialized urandom read (16 bytes read, 9 bits of entropy available)
[   46.719378] random: udevadm: uninitialized urandom read (16 bytes read, 9 bits of entropy available)
[   46.719404] random: udevadm: uninitialized urandom read (16 bytes read, 9 bits of entropy available)
[   46.719434] random: udevadm: uninitialized urandom read (16 bytes read, 9 bits of entropy available)
[   46.719457] random: udevadm: uninitialized urandom read (16 bytes read, 9 bits of entropy available)
[   46.719480] random: udevadm: uninitialized urandom read (16 bytes read, 9 bits of entropy available)
[   49.029713] e1000: Intel(R) PRO/1000 Network Driver - version 7.3.21-k8-NAPI
[   49.189083] e1000: Copyright (c) 1999-2006 Intel Corporation.
[   49.360698] Fusion MPT base driver 3.04.20
[   49.479779] Copyright (c) 1999-2008 LSI Corporation
[   49.608895] Fusion MPT SPI Host driver 3.04.20
[   49.734656] AVX version of gcm_enc/dec engaged.
[   49.878355] AES CTR mode by8 optimization enabled
[   50.029972] input: ImExPS/2 Generic Explorer Mouse as /devices/platform/i8042/serio1/input/input4
[   50.501410] e1000 0000:00:03.0 eth0: (PCI:33MHz:32-bit) 02:e4:5b:1a:6e:ce
[   50.692948] e1000 0000:00:03.0 eth0: Intel(R) PRO/1000 Network Connection
[   50.904454] e1000 0000:00:03.0 enp0s3: renamed from eth0
[   51.014055] mptbase: ioc0: Initiating bringup
[   51.205191] ioc0: LSI53C1030 A0: Capabilities={Initiator}
[   51.510454] scsi host2: ioc0: LSI53C1030 A0, FwRev=00000000h, Ports=1, MaxQ=256, IRQ=20
[   51.886032] scsi 2:0:0:0: Direct-Access     VBOX     HARDDISK         1.0  PQ: 0 ANSI: 5
[   51.976095] scsi target2:0:0: Beginning Domain Validation
[   52.101722] scsi target2:0:0: Domain Validation skipping write tests
[   52.103854] scsi target2:0:0: Ending Domain Validation
[   52.106293] scsi target2:0:0: asynchronous
[   52.107643] scsi 2:0:1:0: Direct-Access     VBOX     HARDDISK         1.0  PQ: 0 ANSI: 5
[   52.160031] scsi target2:0:1: Beginning Domain Validation
[   52.319065] scsi target2:0:1: Domain Validation skipping write tests
[   52.489514] scsi target2:0:1: Ending Domain Validation
[   52.623517] scsi target2:0:1: asynchronous
[   52.705396] sd 2:0:0:0: [sda] 20971520 512-byte logical blocks: (10.7 GB/10.0 GiB)
[   52.881905] sd 2:0:0:0: Attached scsi generic sg0 type 0
[   53.018676] floppy0: no floppy controllers found
[   53.019092] sd 2:0:0:0: [sda] Write Protect is off
[   53.019217] sd 2:0:0:0: [sda] Incomplete mode parameter data
[   53.019218] sd 2:0:0:0: [sda] Assuming drive cache: write through
[   53.025428]  sda: sda1
[   53.026481] sd 2:0:0:0: [sda] Attached SCSI disk
[   53.161899] sd 2:0:1:0: [sdb] 20480 512-byte logical blocks: (10.5 MB/10.0 MiB)
[   53.162096] sd 2:0:1:0: Attached scsi generic sg1 type 0
[   53.162164] sd 2:0:1:0: [sdb] Write Protect is off
[   53.162407] sd 2:0:1:0: [sdb] Incomplete mode parameter data
[   53.162408] sd 2:0:1:0: [sdb] Assuming drive cache: write through
[   53.166140] sd 2:0:1:0: [sdb] Attached SCSI disk
Begin: Loading e[   54.571872] md: linear personality registered for level -1
ssential drivers[   54.748181] md: multipath personality registered for level -4
 ... [   54.927740] md: raid0 personality registered for level 0
[   55.079238] md: raid1 personality registered for level 1
[   55.293138] raid6: sse2x1   gen() 10288 MB/s
[   55.473294] raid6: sse2x1   xor()  6227 MB/s
[   55.672896] raid6: sse2x2   gen() 12610 MB/s
[   55.864935] raid6: sse2x2   xor()  8463 MB/s
[   56.048903] raid6: sse2x4   gen() 14005 MB/s
[   56.244982] raid6: sse2x4   xor()  9644 MB/s
[   56.370602] raid6: using algorithm sse2x4 gen() 14005 MB/s
[   56.515033] raid6: .... xor() 9644 MB/s, rmw enabled
[   56.571394] raid6: using ssse3x2 recovery algorithm
[   56.578589] xor: automatically using best checksumming function:
[   56.617405]    avx       : 25002.000 MB/sec
[   56.719582] async_tx: api initialized (async)
[   56.853185] md: raid6 personality registered for level 6
[   56.998477] md: raid5 personality registered for level 5
[   57.144346] md: raid4 personality registered for level 4
[   57.287473] md: raid10 personality registered for level 10
done.
Begin: Running /scripts/init-p[   57.450307] Btrfs loaded
remount ... done.
Begin: Mounting root file system ... Begin: Running /scripts/[   57.558381] EXT4-fs (sda1): INFO: recovery required on readonly filesystem
local-top ... do[   57.659584] EXT4-fs (sda1): write access will be enabled during recovery
ne.
Begin: Running /scripts/local-premount ... Scanning for Btrfs filesystems
done.
Warning: [   57.838475] EXT4-fs (sda1): orphan cleanup on readonly fs
fsck not present[   57.986379] EXT4-fs (sda1): 1 orphan inode deleted
, so skipping ro[   58.159376] EXT4-fs (sda1): recovery complete
ot file system
[   58.316701] EXT4-fs (sda1): mounted filesystem with ordered data mode. Opts: (null)
done.
Begin: Running /scripts/local-bottom ... done.
Begin: Running /scripts/init-bottom ... done.
[   58.666718] systemd[1]: systemd 229 running in system mode. (+PAM +AUDIT +SELINUX +IMA +APPARMOR +SMACK +SYSVINIT +UTMP +LIBCRYPTSETUP +GCRYPT +GNUTLS +ACL +XZ -LZ4 +SECCOMP +BLKID +ELFUTILS +KMOD -IDN)
[   59.193975] systemd[1]: Detected virtualization oracle.
[   59.357192] systemd[1]: Detected architecture x86-64.

Welcome to [1mUbuntu 16.04.2 LTS[0m!

[   59.570036] systemd[1]: Set hostname to <ubuntu-xenial>.
[   59.710350] random: nonblocking pool is initialized
[   59.938735] systemd[1]: Reached target Encrypted Volumes.
[[0;32m  OK  [0m] Reached target Encrypted Volumes.
[   60.161871] systemd[1]: Listening on Journal Audit Socket.
[[0;32m  OK  [0m] Listening on Journal Audit Socket.
[   60.389491] systemd[1]: Listening on /dev/initctl Compatibility Named Pipe.
[[0;32m  OK  [0m] Listening on /dev/initctl Compatibility Named Pipe.
[   60.697456] systemd[1]: Listening on Syslog Socket.
[[0;32m  OK  [0m] Listening on Syslog Socket.
[   60.869351] systemd[1]: Created slice System Slice.
[[0;32m  OK  [0m] Created slice System Slice.
[   61.077466] systemd[1]: Listening on Journal Socket (/dev/log).
[[0;32m  OK  [0m] Listening on Journal Socket (/dev/log).
[   61.325711] systemd[1]: Listening on LVM2 poll daemon socket.
[[0;32m  OK  [0m] Listening on LVM2 poll daemon socket.
[   61.565247] systemd[1]: Listening on Device-mapper event daemon FIFOs.
[[0;32m  OK  [0m] Listening on Device-mapper event daemon FIFOs.
[   61.777192] systemd[1]: Reached target Swap.
[[0;32m  OK  [0m] Reached target Swap.
[   61.953302] systemd[1]: Created slice system-serial\x2dgetty.slice.
[[0;32m  OK  [0m] Created slice system-serial\x2dgetty.slice.
[   62.221539] systemd[1]: Listening on Journal Socket.
[[0;32m  OK  [0m] Listening on Journal Socket.
[   62.433576] systemd[1]: Mounting Huge Pages File System...
         Mounting Huge Pages File System...
[   62.669282] systemd[1]: Starting Load Kernel Modules...
         [   62.837982] Loading iSCSI transport class v2.0-870.
Starting Load Kernel Modules...[   62.861502] iscsi: registered transport (tcp)

[   62.985019] systemd[1]: Mounting Debug File System...
         Mounting Debug F[   63.095006] iscsi: registered transport (iser)
ile System...
[   63.205158] systemd[1]: Mounting POSIX Message Queue File System...
         Mounting POSIX Message Queue File System...
[   63.441129] systemd[1]: Listening on udev Kernel Socket.
[[0;32m  OK  [0m] Listening on udev Kernel Socket.
[   63.689276] systemd[1]: Listening on LVM2 metadata daemon socket.
[[0;32m  OK  [0m] Listening on LVM2 metadata daemon socket.
[   63.941117] systemd[1]: Starting Monitoring of LVM2 mirrors, snapshots etc. using dmeventd or progress polling...
         Starting Monitoring of LVM2 mirrors... dmeventd or progress polling...
[   64.353159] systemd[1]: Starting Set console keymap...
         Starting Set console keymap...
[   64.573117] systemd[1]: Starting Uncomplicated firewall...
         Starting Uncomplicated firewall...
[   64.809292] systemd[1]: Starting Create list of required static device nodes for the current kernel...
         Starting Create list of required st... nodes for the current kernel...
[   65.158230] systemd[1]: Created slice User and Session Slice.
[[0;32m  OK  [0m] Created slice User and Session Slice.
[   65.405429] systemd[1]: Reached target Slices.
[[0;32m  OK  [0m] Reached target Slices.
[   65.610196] systemd[1]: Starting Nameserver information manager...
         Starting Nameserver information manager...
[   65.853161] systemd[1]: Listening on udev Control Socket.
[[0;32m  OK  [0m] Listening on udev Control Socket.
[   66.041337] systemd[1]: Starting Journal Service...
         Starting Journal Service...
[   66.201281] systemd[1]: Starting Remount Root and Kernel File Systems...
         Starting Remount[   66.208600] EXT4-fs (sda1): re-mounted. Opts: (null)
 Root and Kernel File Systems...
[   66.397827] systemd[1]: Set up automount Arbitrary Executable File Formats File System Automount Point.
[[0;32m  OK  [0m] Set up automount Arbitrary Executab...ats File System Automount Point.
[   66.812867] systemd[1]: Reached target User and Group Name Lookups.
[[0;32m  OK  [0m] Reached target User and Group Name Lookups.
[   67.077537] systemd[1]: Started Forward Password Requests to Wall Directory Watch.
[[0;32m  OK  [0m] Started Forward Password Requests to Wall Directory Watch.
[   67.394195] systemd[1]: Mounted POSIX Message Queue File System.
[[0;32m  OK  [0m] Mounted POSIX Message Queue File System.
[   67.649343] systemd[1]: Mounted Debug File System.
[[0;32m  OK  [0m] Mounted Debug File System.
[   67.801204] systemd[1]: Mounted Huge Pages File System.
[[0;32m  OK  [0m] Mounted Huge Pages File System.
[   67.885111] systemd[1]: Started Journal Service.
[[0;32m  OK  [0m] Started Journal Service.
[[0;32m  OK  [0m] Started Load Kernel Modules.
[[0;32m  OK  [0m] Started Set console keymap.
[[0;32m  OK  [0m] Started Uncomplicated firewall.
[[0;32m  OK  [0m] Started Create list of required sta...ce nodes for the current kernel.
[[0;32m  OK  [0m] Started Remount Root and Kernel File Systems.
[[0;32m  OK  [0m] Started Nameserver information manager.
[[0;32m  OK  [0m] Started LVM2 metadata daemon.
         Starting udev Coldplug all Devices...
         Starting Initial cloud-init job (pre-networking)...
         Starting Load/Save Random Seed...
         Starting Create Static Device Nodes in /dev...
         Mounting FUSE Control File System...
         Starting Apply Kernel Variables...
         Starting Flush Journal to Persistent Storage...
[[0;32m  OK  [0m] Mounted FUSE Control File System.
[[0;32m  OK  [0m] Started Monitoring of LVM2 mirrors,...ng dmeventd or progress polling.
[[0;32m  OK  [0m] Started Load/Save Random Seed.
[[0;32m  OK  [0m] Started Create Static Device Nodes in /dev.
[[0;32m  OK  [0m] Started Apply Kernel Variables.
[[0;32m  OK  [0m] Started udev Coldplug all Devices.
[[0;32m  OK  [0m] Started Flush Journal to Persistent Storage.
         Starting udev Kernel Device Manager...
[[0;32m  OK  [0m] Started udev Kernel Device Manager.
[[0;32m  OK  [0m] Reached target Local File Systems (Pre).
[[0;32m  OK  [0m] Reached target Local File Systems.
         Starting Set console font and keymap...
         Starting LSB: AppArmor initialization...
         Starting Create Volatile Files and Directories...
         Starting Tell Plymouth To Write Out Runtime Data...
[[0;32m  OK  [0m] Started Dispatch Password Requests to Console Directory Watch.
[[0;32m  OK  [0m] Started Create Volatile Files and Directories.
[[0;32m  OK  [0m] Started Tell Plymouth To Write Out Runtime Data.
[[0;32m  OK  [0m] Started Initial cloud-init job (pre-networking).
[   35.350617] cloud-init[479]: Cloud-init v. 0.7.8 running 'init-local' at Tue, 14 Feb 2017 22:05:37 +0000. Up 35.09 seconds.
[[0;32m  OK  [0m] Found device /dev/ttyS0.
[[0;32m  OK  [0m] Started Set console font and keymap.
[[0;32m  OK  [0m] Started LSB: AppArmor initialization.
[[0;32m  OK  [0m] Listening on Load/Save RF Kill Switch Status /dev/rfkill Watch.
[[0;32m  OK  [0m] Created slice system-getty.slice.
[[0;32m  OK  [0m] Reached target Network (Pre).
[[0;32m  OK  [0m] Started ifup for enp0s3.
         Starting Raise network interfaces...
         Starting Update UTMP about System Boot/Shutdown...
[[0;32m  OK  [0m] Reached target System Time Synchronized.
[[0;32m  OK  [0m] Found device 82540EM Gigabit Ethern...r (PRO/1000 MT Desktop Adapter).
[[0;32m  OK  [0m] Started Update UTMP about System Boot/Shutdown.
[[0;32m  OK  [0m] Started Raise network interfaces.
[[0;32m  OK  [0m] Reached target Network.
         Starting Initial cloud-init job (metadata service crawler)...
[   39.126202] cloud-init[1073]: Cloud-init v. 0.7.8 running 'init' at Tue, 14 Feb 2017 22:05:41 +0000. Up 38.89 seconds.
[   39.200243] cloud-init[1073]: ci-info: +++++++++++++++++++++++++++++++++++++Net device info++++++++++++++++++++++++++++++++++++++
[   39.200444] cloud-init[1073]: ci-info: +--------+------+----------------------------+---------------+-------+-------------------+
[[0;32m  OK  [0m] Started Initial cloud-init job (metadata service crawler).
[   39.200602] cloud-init[1073]: ci-info: | Device |  Up  |          Address           |      Mask     | Scope |     Hw-Address    |
[   39.480576] cloud-init[1073]: ci-info: +--------+------+----------------------------+---------------+-------+-------------------+
[   39.480806] cloud-init[1073]: ci-info: | enp0s3 | True |         10.0.2.15          | 255.255.255.0 |   .   | 02:e4:5b:1a:6e:ce |
[[0;32m  OK  [0m] Reached target Cloud-config availability.
[[0;32m  OK  [0m[   39.480927] ] cloud-initReached target Network is Online.[1073]: 
ci-info: | enp0s3 | True | fe80::e4:5bff:fe1a:6ece/64 |       .       |  link | 02:e4:5b:1a:6e:ce |
[   39.936642] cloud-init[1073]: ci-info: |   lo   | True |         127.0.0.1          |   255.0.0.0   |   .   |         .         |
[   39.936883] cloud-init[1073]: ci-info: |   lo   | True |          ::1/128           |       .       |  host |         .         |
         Starting iSCSI initiator daemon (iscsid)...
[[   39.937026] cloud-init[1073]: ci-info: +--------+------+----------------------------+---------------+-------+-------------------+
[   40.232953] cloud-init[1073]: ci-info: +++++++++++++++++++++++++++Route IPv4 info++++++++++++++++++++++++++++
[0;32m  OK  [0m] Reached target System Initialization.
[   40.233024] cloud-init[1073]: ci-info: +-------+-------------+----------+---------------+-----------+-------+
[   40.516933] cloud-init[1073]: ci-info: | Route | Destination | Gateway  |    Genmask    | Interface | Flags |
[   40.517210] cloud-init[1073]: ci-info: +-------+-------------+----------+---------------+-----------+-------+
[[0;32m  OK  [0m] Started Daily apt activities.
[[   40.517378] cloud-init[1073]: ci-info: |   0   |   0.0.0.0   | 10.0.2.2 |    0.0.0.0    |   enp0s3  |   UG  |
[   40.616814] cloud-init[1073]: ci-info: |   1   |   10.0.2.0  | 0.0.0.0  | 255.255.255.0 |   enp0s3  |   U   |
[0;32m  OK  [0m] Started Trigger resolvconf update for networkd DNS.
[   40.616921] cloud-init[1073]: ci-info: +-------+-------------+----------+---------------+-----------+-------+
[[0;32m  OK  [0m] Started ACPI Events Check.
[[0;32m  OK  [0m] Reached target Paths.
[[0;32m  OK  [0m] Started Timer to automatically refresh installed snaps.
[[0;32m  OK  [0m] Listening on D-Bus System Message Bus Socket.
[[0;32m  OK  [0m] Listening on UUID daemon activation socket.
[[0;32m  OK  [0m] Listening on ACPID Listen Socket.
         Starting Docker Socket for the API.
         Starting LXD - unix socket.
         Starting Socket activation for snappy daemon.
[[0;32m  OK  [0m] Started Daily Cleanup of Temporary Directories.
[[0;32m  OK  [0m] Reached target Timers.
[[0;32m  OK  [0m] Listening on Docker Socket for the API.
[[0;32m  OK  [0m] Listening on LXD - unix socket.
[[0;32m  OK  [0m] Listening on Socket activation for snappy daemon.
[[0;32m  OK  [0m] Started iSCSI initiator daemon (iscsid).
         Starting Login to default iSCSI targets...
[[0;32m  OK  [0m] Reached target Sockets.
[[0;32m  OK  [0m] Reached target Basic System.
         Starting Docker Application Container Engine...
         Starting LXD - container startup/shutdown...
         Starting LSB: Record successful boot for GRUB...
         Starting vboxadd-x11.service...
         Starting Login Service...
         Starting System Logging Service...
         Starting Accounts Service...
[[0;32m  OK  [0m] Started D-Bus System Message Bus.
[[0;32m  OK  [0m] Started Deferred execution scheduler.
         Starting OpenBSD Secure Shell server...
         Starting LSB: MD monitoring daemon...
[[0;32m  OK  [0m] Started FUSE filesystem for LXC.
         Starting vboxadd.service...
[[0;32m  OK  [0m] Started Regular background program processing daemon.
[[0;32m  OK  [0m] Started ACPI event daemon.
         Starting Apply the settings specified in cloud-config...
[[0;32m  OK  [0m] Started Snappy daemon.
         Starting Auto import assertions from block devices...
         Starting /etc/rc.local Compatibility...
[   42.420659] cloud-init[1262]: Cloud-init v. 0.7.8 running 'modules:config' at Tue, 14 Feb 2017 22:05:44 +0000. Up 42.35 seconds.
[[0;32m  OK  [0m] Started System Logging Service.
[[0;32m  OK  [0m] Started OpenBSD Secure Shell server.
[[0;32m  OK  [0m] Started LXD - container startup/shutdown.
[[0;32m  OK  [0m] Started vboxadd-x11.service.
[[0;32m  OK  [0m] Started vboxadd.service.
[[0;32m  OK  [0m] Started Apply the settings specified in cloud-config.
[[0;32m  OK  [0m] Started Auto import assertions from block devices.
[[0;32m  OK  [0m] Started /etc/rc.local Compatibility.
[[0;32m  OK  [0m] Started Login to default iSCSI targets.
[[0;32m  OK  [0m] Started LSB: Record successful boot for GRUB.
[[0;32m  OK  [0m] Started LSB: MD monitoring daemon.
[[0;32m  OK  [0m] Started Login Service.
         Starting Authenticate and Authorize Users to Run Privileged Tasks...
[[0;32m  OK  [0m] Reached target Remote File Systems (Pre).
[[0;32m  OK  [0m] Reached target Remote File Systems.
         Starting LSB: automatic crash report generation...
         Starting LSB: daemon to balance interrupts for SMP systems...
         Starting LSB: Set the CPU Frequency Scaling governor to "ondemand"...
         Starting Permit User Sessions...
         Starting LSB: Set up cgroupfs mounts....
         Starting vboxadd-service.service...
[[0;32m  OK  [0m] Started Permit User Sessions.
[[0;32m  OK  [0m] Started LSB: Set up cgroupfs mounts..
[[0;32m  OK  [0m] Started vboxadd-service.service.
[[0;32m  OK  [0m] Started Authenticate and Authorize Users to Run Privileged Tasks.
[[0;32m  OK  [0m] Started Accounts Service.
[[0;32m  OK  [0m] Started LSB: Set the CPU Frequency Scaling governor to "ondemand".
[[0;32m  OK  [0m] Started LSB: automatic crash report generation.
[[0;32m  OK  [0m] Started LSB: daemon to balance interrupts for SMP systems.
         Starting Hold until boot process finishes up...
         Starting Terminate Plymouth Boot Screen...
[[0;32m  OK  [0m] Started Hold until boot process finishes up.
[[0;32m  OK  [0m] Started Terminate Plymouth Boot Screen.
[[0;32m  OK  [0m] Started Serial Getty on ttyS0.
[[0;32m  OK  [0m] Started Getty on tty1.
[[0;32m  OK  [0m] Reached target Login Prompts.
         Starting Set console scheme...
[[0;32m  OK  [0m] Started Set console scheme.
[[0;32m  OK  [0m] Started Docker Application Container Engine.
[[0;32m  OK  [0m] Reached target Multi-User System.
[[0;32m  OK  [0m] Reached target Graphical Interface.
         Starting Execute cloud user/final scripts...
         Starting Update UTMP about System Runlevel Changes...
[[0;32m  OK  [0m] Started Update UTMP about System Runlevel Changes.
[   45.144386] cloud-init[1954]: Cloud-init v. 0.7.8 running 'modules:final' at Tue, 14 Feb 2017 22:05:47 +0000. Up 45.05 seconds.
[   45.216508] cloud-init[1954]: Cloud-init v. 0.7.8 finished at Tue, 14 Feb 2017 22:05:47 +0000. Datasource DataSourceNoCloud [seed=/dev/sdb][dsmode=net].  Up 45.13 seconds
[[0;32m  OK  [0m] Started Execute cloud user/final scripts.
[[0;32m  OK  [0m] Reached target Cloud-init target.

Ubuntu 16.04.2 LTS ubuntu-xenial ttyS0

ubuntu-xenial login: 